26-02-28 06:24:58, i, Початок
26-02-28 06:24:58, w, Файл ліцензій не знайдено
26-02-28 06:25:04, i, Ліцензійна угода користувача
26-02-28 06:25:04, i, Ліцензійна угода прийнята
26-02-28 06:25:11, i, Завершення
26-02-28 06:25:14, i, Початок
26-02-28 06:25:14, w, Файл ліцензій не знайдено
26-02-28 06:25:17, i, Завантаження ліцензій ...
26-02-28 06:25:17, i, Знайдено ліцензії для кодів 
26-02-28 06:25:17, i, Знайти за параметрами: Січень 2023, =
26-02-28 06:25:31, i, Завершення
26-02-28 06:28:59, i, Початок
26-02-28 06:29:03, i, Знайти за параметрами: Січень 2023, =
26-02-28 06:29:08, i, Завершення
26-02-28 06:31:02, i, Початок
26-02-28 06:31:35, i, Завершення
26-02-28 06:32:12, i, Початок
26-02-28 06:34:46, i, Початок
26-02-28 06:35:00, i, Завершення
26-02-28 06:40:26, i, Початок
26-02-28 06:40:30, i, Завершення
26-02-28 07:02:37, i, Початок
26-02-28 07:02:54, i, Завершення
26-02-28 07:05:49, i, Початок
26-02-28 07:06:03, i, Завершення
26-02-28 07:07:18, i, Початок
26-02-28 07:09:28, i, Початок
26-02-28 07:45:32, i, Початок
26-02-28 07:47:29, i, Початок
26-02-28 07:48:23, i, Початок
26-02-28 07:49:52, i, Початок
26-02-28 07:52:24, i, Початок
26-02-28 08:50:53, i, Початок
26-02-28 08:54:22, i, Початок
26-02-28 08:58:52, i, Початок
26-02-28 09:09:34, i, Початок
26-02-28 09:11:45, i, Початок
26-02-28 09:12:05, i, Початок
26-02-28 09:19:01, i, Початок
26-02-28 09:22:28, i, Початок
26-02-28 09:51:21, i, Початок
26-02-28 10:01:47, i, Початок
26-02-28 10:02:11, i, Завершення
26-02-28 11:11:14, i, Початок
26-02-28 11:11:21, i, Знайти за параметрами: Січень 2023, =
26-02-28 11:11:24, i, Завершення
26-02-28 11:11:41, i, Початок
26-02-28 11:12:00, i, Завершення
26-02-28 11:12:31, i, Початок
26-02-28 11:14:14, i, Знайти за параметрами: Січень 2023, =
26-02-28 11:14:37, e, Процес занятий іншим користувачем
26-02-28 11:14:43, i, Початок
26-02-28 11:14:49, i, Знайти за параметрами: Січень 2023, =
26-02-28 11:15:39, i, Завантаження ліцензій ...
26-02-28 11:15:39, i, Знайдено ліцензії для кодів 
26-02-28 11:15:49, i, Завантаження ліцензій ...
26-02-28 11:15:49, i, Знайдено ліцензії для кодів 24620181,42440561
26-02-28 11:15:53, i, Завершення
